0 info it worked if it ends with ok
1 verbose cli [ 'C:\\Program Files\\nodejs\\node.exe',
1 verbose cli   'C:\\Users\\Upfit 4\\AppData\\Roaming\\npm\\node_modules\\npm\\bin\\npm-cli.js',
1 verbose cli   'start' ]
2 info using npm@3.10.9
3 info using node@v4.4.7
4 verbose run-script [ 'prestart', 'start', 'poststart' ]
5 info lifecycle sympozer@0.0.0~prestart: sympozer@0.0.0
6 silly lifecycle sympozer@0.0.0~prestart: no script for prestart, continuing
7 info lifecycle sympozer@0.0.0~start: sympozer@0.0.0
8 verbose lifecycle sympozer@0.0.0~start: unsafe-perm in lifecycle true
9 verbose lifecycle sympozer@0.0.0~start: PATH: C:\Users\Upfit 4\AppData\Roaming\npm\node_modules\npm\bin\node-gyp-bin;C:\Work\M1\m1-s1-ma\S2\Ter\p1410687-sympozer\app\node_modules\.bin;C:\ProgramData\Oracle\Java\javapath;C:\Windows\system32;C:\Windows;C:\Windows\System32\Wbem;C:\Windows\System32\WindowsPowerShell\v1.0\;C:\Program Files (x86)\Skype\Phone\;C:\Program Files (x86)\NVIDIA Corporation\PhysX\Common;C:\Program Files\Git\cmd;C:\Program Files\nodejs\;C:\WINDOWS\system32;C:\WINDOWS;C:\WINDOWS\System32\Wbem;C:\WINDOWS\System32\WindowsPowerShell\v1.0\;C:\Program Files\TortoiseHg\;C:\Program Files\TortoiseGit\bin;C:\Python34;C:\ProgramData\Oracle\Java\javapath;C:\Windows\system32;C:\Windows;C:\Windows\System32\Wbem;C:\Windows\System32\WindowsPowerShell\v1.0\;C:\Program Files (x86)\Skype\Phone\;C:\Program Files (x86)\NVIDIA Corporation\PhysX\Common;C:\Program Files\Git\cmd;C:\Program Files\nodejs\;C:\WINDOWS\system32;C:\WINDOWS;C:\WINDOWS\System32\Wbem;C:\WINDOWS\System32\WindowsPowerShell\v1.0\;C:\Program Files\TortoiseHg\;C:\Program Files\TortoiseGit\bin;C:\Users\Upfit 4\AppData\Local\atom\bin;C:\Program Files\R\R-3.3.1\bin\i386;C:\Users\Upfit 4\AppData\Roaming\npm;C:\Work\gettext\bin;C:\Work\work\fitmanager;C:\Users\Upfit 4\AppData\Local\Microsoft\WindowsApps;C:\Work\Android\apktool;C:\Program Files\Java\jdk1.8.0_101;C:\Work\Maven\bin;C:\Program Files\Java\jdk1.8.0_101\bin;C:\Javalib\;C:\Program Files\swipl\bin;C:\Program Files\MySQL\MySQL Server 5.7\bin;C:\Users\Upfit 4\.babun;C:\Users\Upfit 4\.babun\babun.bat;C:\Program Files\MongoDB\Server\3.4\bin
10 verbose lifecycle sympozer@0.0.0~start: CWD: C:\Work\M1\m1-s1-ma\S2\Ter\p1410687-sympozer\app
11 silly lifecycle sympozer@0.0.0~start: Args: [ '/d /s /c', 'ng serve' ]
12 verbose stack Error: kill ENOSYS
12 verbose stack     at exports._errnoException (util.js:873:11)
12 verbose stack     at process.kill (node.js:777:15)
12 verbose stack     at process.listener (C:\Users\Upfit 4\AppData\Roaming\npm\node_modules\npm\node_modules\npmlog\node_modules\gauge\node_modules\signal-exit\index.js:86:15)
12 verbose stack     at emitNone (events.js:72:20)
12 verbose stack     at process.emit (events.js:166:7)
12 verbose stack     at processEmit (C:\Users\Upfit 4\AppData\Roaming\npm\node_modules\npm\node_modules\npmlog\node_modules\gauge\node_modules\signal-exit\index.js:146:32)
12 verbose stack     at processEmit (C:\Users\Upfit 4\AppData\Roaming\npm\node_modules\npm\node_modules\npm-registry-client\node_modules\npmlog\node_modules\gauge\node_modules\signal-exit\index.js:146:32)
12 verbose stack     at Signal.wrap.onsignal (node.js:804:46)
13 verbose cwd C:\Work\M1\m1-s1-ma\S2\Ter\p1410687-sympozer\app
14 error Windows_NT 10.0.14393
15 error argv "C:\\Program Files\\nodejs\\node.exe" "C:\\Users\\Upfit 4\\AppData\\Roaming\\npm\\node_modules\\npm\\bin\\npm-cli.js" "start"
16 error node v4.4.7
17 error npm  v3.10.9
18 error code ENOSYS
19 error errno ENOSYS
20 error syscall kill
21 error kill ENOSYS
22 error If you need help, you may report this error at:
22 error     <https://github.com/npm/npm/issues>
23 verbose exit [ 1, true ]
